Determining if the pthread_create exist failed with the following output:
Change Dir: /home/wwd/QianyiWorkPlace/333/ppf-matching/build/CMakeFiles/CMakeTmp

Run Build Command:"/usr/bin/make" "cmTC_5429a/fast"
/usr/bin/make -f CMakeFiles/cmTC_5429a.dir/build.make CMakeFiles/cmTC_5429a.dir/build
make[1]: Entering directory '/home/wwd/QianyiWorkPlace/333/ppf-matching/build/CMakeFiles/CMakeTmp'
Building C object CMakeFiles/cmTC_5429a.dir/CheckSymbolExists.c.o
/usr/bin/cc    -o CMakeFiles/cmTC_5429a.dir/CheckSymbolExists.c.o   -c /home/wwd/QianyiWorkPlace/333/ppf-matching/build/CMakeFiles/CMakeTmp/CheckSymbolExists.c
Linking C executable cmTC_5429a
/usr/bin/cmake -E cmake_link_script CMakeFiles/cmTC_5429a.dir/link.txt --verbose=1
/usr/bin/cc      -rdynamic CMakeFiles/cmTC_5429a.dir/CheckSymbolExists.c.o  -o cmTC_5429a 
CMakeFiles/cmTC_5429a.dir/CheckSymbolExists.c.o: In function `main':
CheckSymbolExists.c:(.text+0x1b): undefined reference to `pthread_create'
collect2: error: ld returned 1 exit status
CMakeFiles/cmTC_5429a.dir/build.make:97: recipe for target 'cmTC_5429a' failed
make[1]: *** [cmTC_5429a] Error 1
make[1]: Leaving directory '/home/wwd/QianyiWorkPlace/333/ppf-matching/build/CMakeFiles/CMakeTmp'
Makefile:126: recipe for target 'cmTC_5429a/fast' failed
make: *** [cmTC_5429a/fast] Error 2

File /home/wwd/QianyiWorkPlace/333/ppf-matching/build/CMakeFiles/CMakeTmp/CheckSymbolExists.c:
/* */
#include <pthread.h>

int main(int argc, char** argv)
{
  (void)argv;
#ifndef pthread_create
  return ((int*)(&pthread_create))[argc];
#else
  (void)argc;
  return 0;
#endif
}

Determining if the function pthread_create exists in the pthreads failed with the following output:
Change Dir: /home/wwd/QianyiWorkPlace/333/ppf-matching/build/CMakeFiles/CMakeTmp

Run Build Command:"/usr/bin/make" "cmTC_41970/fast"
/usr/bin/make -f CMakeFiles/cmTC_41970.dir/build.make CMakeFiles/cmTC_41970.dir/build
make[1]: Entering directory '/home/wwd/QianyiWorkPlace/333/ppf-matching/build/CMakeFiles/CMakeTmp'
Building C object CMakeFiles/cmTC_41970.dir/CheckFunctionExists.c.o
/usr/bin/cc   -DCHECK_FUNCTION_EXISTS=pthread_create   -o CMakeFiles/cmTC_41970.dir/CheckFunctionExists.c.o   -c /usr/share/cmake-3.10/Modules/CheckFunctionExists.c
Linking C executable cmTC_41970
/usr/bin/cmake -E cmake_link_script CMakeFiles/cmTC_41970.dir/link.txt --verbose=1
/usr/bin/cc  -DCHECK_FUNCTION_EXISTS=pthread_create    -rdynamic CMakeFiles/cmTC_41970.dir/CheckFunctionExists.c.o  -o cmTC_41970 -lpthreads 
/usr/bin/ld: cannot find -lpthreads
collect2: error: ld returned 1 exit status
CMakeFiles/cmTC_41970.dir/build.make:97: recipe for target 'cmTC_41970' failed
make[1]: *** [cmTC_41970] Error 1
make[1]: Leaving directory '/home/wwd/QianyiWorkPlace/333/ppf-matching/build/CMakeFiles/CMakeTmp'
Makefile:126: recipe for target 'cmTC_41970/fast' failed
make: *** [cmTC_41970/fast] Error 2


